c:\users\dave\documents\visual studio 2013\projects\hmmlib\hmmlib\debug\vc90.pdb
c:\users\dave\documents\visual studio 2013\projects\hmmlib\hmmlib\debug\hmmlib.exe.embed.manifest.res
c:\users\dave\documents\visual studio 2013\projects\hmmlib\hmmlib\debug\hmmlib.obj
c:\users\dave\documents\visual studio 2013\projects\hmmlib\hmmlib\debug\cl.command.1.tlog
c:\users\dave\documents\visual studio 2013\projects\hmmlib\hmmlib\debug\cl.read.1.tlog
c:\users\dave\documents\visual studio 2013\projects\hmmlib\hmmlib\debug\cl.write.1.tlog
c:\users\dave\documents\visual studio 2013\projects\hmmlib\hmmlib\debug\link-cvtres.read.1.tlog
c:\users\dave\documents\visual studio 2013\projects\hmmlib\hmmlib\debug\link-cvtres.write.1.tlog
c:\users\dave\documents\visual studio 2013\projects\hmmlib\hmmlib\debug\link.command.1.tlog
c:\users\dave\documents\visual studio 2013\projects\hmmlib\hmmlib\debug\link.read.1.tlog
c:\users\dave\documents\visual studio 2013\projects\hmmlib\hmmlib\debug\link.write.1.tlog
c:\users\dave\documents\visual studio 2013\projects\hmmlib\hmmlib\debug\rc.command.1.tlog
c:\users\dave\documents\visual studio 2013\projects\hmmlib\hmmlib\debug\rc.read.1.tlog
c:\users\dave\documents\visual studio 2013\projects\hmmlib\hmmlib\debug\rc.write.1.tlog
c:\users\dave\documents\visual studio 2013\projects\hmmlib\hmmlib\debug\hmmlib.exe.embed.manifest
c:\users\dave\documents\visual studio 2013\projects\hmmlib\hmmlib\debug\hmmlib.exe.intermediate.manifest
c:\users\dave\documents\visual studio 2013\projects\hmmlib\hmmlib\debug\vc120.idb
c:\users\dave\documents\visual studio 2013\projects\hmmlib\hmmlib\debug\vc90.idb
c:\users\dave\documents\visual studio 2013\projects\hmmlib\hmmlib\debug\vc120.pdb
c:\users\dave\documents\visual studio 2013\projects\hmmlib\hmmlib\debug\hmmlib_manifest.rc
c:\users\dave\documents\visual studio 2013\projects\hmmlib\debug\hmmlib.pdb
